2024-10-01 01:27:21,120 [ERROR] LogOutputStream:75 - [STDERR_REDIRECT] Exception in thread "AWT-EventQueue-0" org.eclipse.swt.SWTException: Device is disposed
2024-10-01 01:27:21,125 [ERROR] LogOutputStream:75 - [STDERR_REDIRECT] 	at org.eclipse.swt.SWT.error(SWT.java:4918)
2024-10-01 01:27:21,125 [ERROR] LogOutputStream:75 - [STDERR_REDIRECT] 	at org.eclipse.swt.SWT.error(SWT.java:4833)
2024-10-01 01:27:21,125 [ERROR] LogOutputStream:75 - [STDERR_REDIRECT] 	at org.eclipse.swt.SWT.error(SWT.java:4804)
2024-10-01 01:27:21,126 [ERROR] LogOutputStream:75 - [STDERR_REDIRECT] 	at org.eclipse.swt.widgets.Display.error(Display.java:1550)
2024-10-01 01:27:21,126 [ERROR] LogOutputStream:75 - [STDERR_REDIRECT] 	at org.eclipse.swt.widgets.Display.asyncExec(Display.java:919)
2024-10-01 01:27:21,126 [ERROR] LogOutputStream:75 - [STDERR_REDIRECT] 	at com.st.stm32cube.common.mx.oss.core.awtswtbridge.AwtEnvironment$2.run(AwtEnvironment.java:168)
2024-10-01 01:27:21,126 [ERROR] LogOutputStream:75 - [STDERR_REDIRECT] 	at java.desktop/java.awt.event.InvocationEvent.dispatch(InvocationEvent.java:318)
2024-10-01 01:27:21,126 [ERROR] LogOutputStream:75 - [STDERR_REDIRECT] 	at java.desktop/java.awt.EventQueue.dispatchEventImpl(EventQueue.java:773)
2024-10-01 01:27:21,126 [ERROR] LogOutputStream:75 - [STDERR_REDIRECT] 	at java.desktop/java.awt.EventQueue$4.run(EventQueue.java:720)
2024-10-01 01:27:21,126 [ERROR] LogOutputStream:75 - [STDERR_REDIRECT] 	at java.desktop/java.awt.EventQueue$4.run(EventQueue.java:714)
2024-10-01 01:27:21,126 [ERROR] LogOutputStream:75 - [STDERR_REDIRECT] 	at java.base/java.security.AccessController.doPrivileged(AccessController.java:399)
2024-10-01 01:27:21,126 [ERROR] LogOutputStream:75 - [STDERR_REDIRECT] 	at java.base/java.security.ProtectionDomain$JavaSecurityAccessImpl.doIntersectionPrivilege(ProtectionDomain.java:86)
2024-10-01 01:27:21,126 [ERROR] LogOutputStream:75 - [STDERR_REDIRECT] 	at java.desktop/java.awt.EventQueue.dispatchEvent(EventQueue.java:742)
2024-10-01 01:27:21,126 [ERROR] LogOutputStream:75 - [STDERR_REDIRECT] 	at java.desktop/java.awt.EventDispatchThread.pumpOneEventForFilters(EventDispatchThread.java:203)
2024-10-01 01:27:21,126 [ERROR] LogOutputStream:75 - [STDERR_REDIRECT] 	at java.desktop/java.awt.EventDispatchThread.pumpEventsForFilter(EventDispatchThread.java:124)
2024-10-01 01:27:21,126 [ERROR] LogOutputStream:75 - [STDERR_REDIRECT] 	at java.desktop/java.awt.EventDispatchThread.pumpEventsForHierarchy(EventDispatchThread.java:113)
2024-10-01 01:27:21,126 [ERROR] LogOutputStream:75 - [STDERR_REDIRECT] 	at java.desktop/java.awt.EventDispatchThread.pumpEvents(EventDispatchThread.java:109)
2024-10-01 01:27:21,126 [ERROR] LogOutputStream:75 - [STDERR_REDIRECT] 	at java.desktop/java.awt.EventDispatchThread.pumpEvents(EventDispatchThread.java:101)
2024-10-01 01:27:21,127 [ERROR] LogOutputStream:75 - [STDERR_REDIRECT] 	at java.desktop/java.awt.EventDispatchThread.run(EventDispatchThread.java:90)
2024-10-01 01:27:21,176 [ERROR] LogOutputStream:75 - [STDERR_REDIRECT] 
2024-10-01 17:15:20,337 [INFO] Activator:176 - 


2024-10-01 17:15:20,338 [INFO] Activator:177 - !SESSION log4j initialized
2024-10-01 17:15:23,231 [INFO] LogOutputStream:77 - [STDOUT_REDIRECT] 
2024-10-01 17:15:23,983 [INFO] ApplicationProperties:184 - Using Application install path: /opt/st/stm32cubeide_1.15.1/plugins/com.st.stm32cube.common.mx_6.11.1.202404110753
2024-10-01 17:15:23,992 [INFO] DbMcusXml:78 - Set database path to: /opt/st/stm32cubeide_1.15.1/plugins/com.st.stm32cube.common.mx_6.11.1.202404110753//db//mcu/
2024-10-01 17:15:23,993 [INFO] ApiDb:274 - Set plugin database path to: /opt/st/stm32cubeide_1.15.1/plugins/com.st.stm32cube.common.mx_6.11.1.202404110753//db//plugins/boardmanager/
2024-10-01 17:15:23,993 [WARN] ApiDb:259 - Overriding images path with different value:  => /opt/st/stm32cubeide_1.15.1/plugins/com.st.stm32cube.common.mx_6.11.1.202404110753//db//plugins/mcufinder/images/
2024-10-01 17:15:23,997 [INFO] ApiDb:250 - Set database path to: /home/mfact/.stmcufinder/plugins/mcufinder//mcu/
2024-10-01 17:15:23,998 [INFO] DbMcusAds:125 - Set database path to: /home/mfact/.stmcufinder/plugins/mcufinder//mcu/
2024-10-01 17:15:23,999 [INFO] CrossReferenceDbSqlite:203 - Set database path to: /home/mfact/.stmcufinder/plugins/mcufinder//mcu/cs/
2024-10-01 17:15:24,057 [INFO] RulesReader:64 - Compatibility file has been processed (297 Rules)
2024-10-01 17:15:24,102 [INFO] DbMcusXml:78 - Set database path to: /opt/st/stm32cubeide_1.15.1/plugins/com.st.stm32cube.common.mx_6.11.1.202404110753//db//mcu/
2024-10-01 17:15:24,102 [INFO] ApiDb:274 - Set plugin database path to: /opt/st/stm32cubeide_1.15.1/plugins/com.st.stm32cube.common.mx_6.11.1.202404110753//db//plugins/boardmanager/
2024-10-01 17:15:24,102 [INFO] ApiDb:261 - Set plugin images path to: /opt/st/stm32cubeide_1.15.1/plugins/com.st.stm32cube.common.mx_6.11.1.202404110753//db//plugins/mcufinder/images/
2024-10-01 17:15:24,102 [WARN] DbFile:41 - Overriding database path with different value: /home/mfact/.stmcufinder/plugins/mcufinder/ => /home/mfact/.stmcufinder/plugins/mcufinder
2024-10-01 17:15:24,102 [INFO] ApiDb:250 - Set database path to: /home/mfact/.stmcufinder/plugins/mcufinder//mcu/
2024-10-01 17:15:24,103 [WARN] DbFile:41 - Overriding database path with different value: /home/mfact/.stmcufinder/plugins/mcufinder/ => /home/mfact/.stmcufinder/plugins/mcufinder
2024-10-01 17:15:24,103 [INFO] DbMcusAds:125 - Set database path to: /home/mfact/.stmcufinder/plugins/mcufinder//mcu/
2024-10-01 17:15:24,103 [WARN] DbFile:41 - Overriding database path with different value: /home/mfact/.stmcufinder/plugins/mcufinder/ => /home/mfact/.stmcufinder/plugins/mcufinder
2024-10-01 17:15:24,103 [WARN] DbFile:41 - Overriding database path with different value: /home/mfact/.stmcufinder/plugins/mcufinder/ => /home/mfact/.stmcufinder/plugins/mcufinder
2024-10-01 17:15:24,103 [INFO] CrossReferenceDbSqlite:203 - Set database path to: /home/mfact/.stmcufinder/plugins/mcufinder//mcu/cs/
2024-10-01 17:15:24,150 [INFO] MainPanel:264 - HeapMemory: 268435456
2024-10-01 17:15:24,203 [INFO] DbMcusXml:78 - Set database path to: /opt/st/stm32cubeide_1.15.1/plugins/com.st.stm32cube.common.mx_6.11.1.202404110753//db//mcu/
2024-10-01 17:15:24,203 [INFO] ApiDb:274 - Set plugin database path to: /opt/st/stm32cubeide_1.15.1/plugins/com.st.stm32cube.common.mx_6.11.1.202404110753//db//plugins/boardmanager/
2024-10-01 17:15:24,203 [INFO] ApiDb:261 - Set plugin images path to: /opt/st/stm32cubeide_1.15.1/plugins/com.st.stm32cube.common.mx_6.11.1.202404110753//db//plugins/mcufinder/images/
2024-10-01 17:15:24,203 [WARN] DbFile:41 - Overriding database path with different value: /home/mfact/.stmcufinder/plugins/mcufinder/ => /home/mfact/.stmcufinder/plugins/mcufinder
2024-10-01 17:15:24,203 [INFO] ApiDb:250 - Set database path to: /home/mfact/.stmcufinder/plugins/mcufinder//mcu/
2024-10-01 17:15:24,204 [WARN] DbFile:41 - Overriding database path with different value: /home/mfact/.stmcufinder/plugins/mcufinder/ => /home/mfact/.stmcufinder/plugins/mcufinder
2024-10-01 17:15:24,204 [INFO] DbMcusAds:125 - Set database path to: /home/mfact/.stmcufinder/plugins/mcufinder//mcu/
2024-10-01 17:15:24,204 [WARN] DbFile:41 - Overriding database path with different value: /home/mfact/.stmcufinder/plugins/mcufinder/ => /home/mfact/.stmcufinder/plugins/mcufinder
2024-10-01 17:15:24,204 [WARN] DbFile:41 - Overriding database path with different value: /home/mfact/.stmcufinder/plugins/mcufinder/ => /home/mfact/.stmcufinder/plugins/mcufinder
2024-10-01 17:15:24,204 [INFO] CrossReferenceDbSqlite:203 - Set database path to: /home/mfact/.stmcufinder/plugins/mcufinder//mcu/cs/
2024-10-01 17:15:24,214 [INFO] ApplicationProperties:184 - Using Application install path: /opt/st/stm32cubeide_1.15.1/plugins/com.st.stm32cube.common.mx_6.11.1.202404110753
2024-10-01 17:15:24,215 [INFO] PluginManage:196 - Search for loadable plugins [exclusion list=, ]
2024-10-01 17:15:24,215 [INFO] PluginManage:310 - Check plugin analytics
2024-10-01 17:15:24,292 [INFO] AnalyticsPlugin:253 - Accepted Software Licenses: 
2024-10-01 17:15:24,293 [INFO] AnalyticsPlugin:255 - Accepted CMSIS Pack Licenses: STMicroelectronics.X-CUBE-AZRTOS-F4.1.1.0
2024-10-01 17:15:24,293 [INFO] AnalyticsPlugin:257 - Accepted Firmware Licenses: FW.G4.1.5.0,FW.F4.1.28.0
2024-10-01 17:15:24,294 [INFO] PluginManage:359 - Loaded plugin analytics (category:tool,tabindex:-1)
2024-10-01 17:15:24,294 [INFO] PluginManage:310 - Check plugin cadmodel
2024-10-01 17:15:24,326 [INFO] CADModel:105 - Init CAD model plugin
2024-10-01 17:15:24,327 [INFO] PluginManage:359 - Loaded plugin cadmodel (category:power,tabindex:5)
2024-10-01 17:15:24,327 [INFO] PluginManage:310 - Check plugin clock
2024-10-01 17:15:24,336 [INFO] PluginManage:359 - Loaded plugin clock (category:base,tabindex:2)
2024-10-01 17:15:24,336 [INFO] PluginManage:310 - Check plugin ddr
2024-10-01 17:15:24,338 [INFO] PluginManage:359 - Loaded plugin ddr (category:tool,tabindex:6)
2024-10-01 17:15:24,338 [INFO] PluginManage:310 - Check plugin filemanager
2024-10-01 17:15:24,429 [INFO] PluginManage:359 - Loaded plugin filemanager (category:base,tabindex:10)
2024-10-01 17:15:24,429 [INFO] PluginManage:310 - Check plugin ipmanager
2024-10-01 17:15:24,434 [INFO] PluginManage:359 - Loaded plugin ipmanager (category:base,tabindex:5)
2024-10-01 17:15:24,434 [INFO] PluginManage:310 - Check plugin lpbam
2024-10-01 17:15:24,440 [INFO] PluginManage:359 - Loaded plugin lpbam (category:base,tabindex:0)
2024-10-01 17:15:24,441 [INFO] PluginManage:310 - Check plugin memorymap
2024-10-01 17:15:24,449 [INFO] PluginManage:359 - Loaded plugin memorymap (category:base,tabindex:4)
2024-10-01 17:15:24,449 [INFO] PluginManage:310 - Check plugin pinoutandconfiguration
2024-10-01 17:15:24,455 [INFO] PluginManage:359 - Loaded plugin pinoutandconfiguration (category:base,tabindex:1)
2024-10-01 17:15:24,455 [INFO] PluginManage:310 - Check plugin pinoutconfig
2024-10-01 17:15:24,508 [WARN] SupportedApi:132 - Cannot load RTOS API schema: s4s-elt-must-match.1: The content of 'definitions' must match (annotation?, (simpleType | complexType)?, (unique | key | keyref)*)). A problem was found starting at: attribute.
2024-10-01 17:15:24,578 [INFO] PluginManage:359 - Loaded plugin pinoutconfig (category:base,tabindex:0)
2024-10-01 17:15:24,578 [INFO] PluginManage:310 - Check plugin power
2024-10-01 17:15:24,584 [INFO] PluginManage:359 - Loaded plugin power (category:power,tabindex:4)
2024-10-01 17:15:24,585 [INFO] PluginManage:310 - Check plugin projectmanager
2024-10-01 17:15:24,594 [INFO] PluginManage:359 - Loaded plugin projectmanager (category:projectmanager,tabindex:3)
2024-10-01 17:15:24,594 [INFO] PluginManage:310 - Check plugin thirdparty
2024-10-01 17:15:24,681 [INFO] PluginManage:359 - Loaded plugin thirdparty (category:base,tabindex:-1)
2024-10-01 17:15:24,681 [WARN] IntegrityCheckThread:84 - waiting for thirdparty lock release [integrity check]
2024-10-01 17:15:24,682 [INFO] PluginManage:310 - Check plugin tools
2024-10-01 17:15:24,682 [INFO] IntegrityCheckThread:86 - entering critical section [integrity check]
2024-10-01 17:15:24,682 [INFO] ThirdPartyUpdaterWithRetryManager:70 - Updater plugin not ready yet. [1/15]
2024-10-01 17:15:24,684 [INFO] PluginManage:359 - Loaded plugin tools (category:base,tabindex:7)
2024-10-01 17:15:24,684 [INFO] PluginManage:310 - Check plugin tutovideos
2024-10-01 17:15:24,793 [INFO] PluginManage:359 - Loaded plugin tutovideos (category:base,tabindex:-1)
2024-10-01 17:15:24,793 [INFO] PluginManage:310 - Check plugin updater
2024-10-01 17:15:24,801 [INFO] PluginManage:359 - Loaded plugin updater (category:base,tabindex:12)
2024-10-01 17:15:24,801 [INFO] PluginManage:310 - Check plugin userauth
2024-10-01 17:15:24,806 [INFO] UserAuth:114 - Init User Auth plugin
2024-10-01 17:15:24,806 [INFO] PluginManage:359 - Loaded plugin userauth (category:base,tabindex:14)
2024-10-01 17:15:24,806 [INFO] PluginManage:283 - PluginManage : Loaded plugins [17]
2024-10-01 17:15:24,921 [INFO] PinOutPanel:1561 - setPackage(No Configuration,No Configuration)
2024-10-01 17:15:24,960 [INFO] CADModel:165 - CPN selected for project level
2024-10-01 17:15:24,960 [INFO] CADModel:114 - Register for checkConnection events
2024-10-01 17:15:24,970 [INFO] IPUIPlugin:80 - create IPUIPlugin
2024-10-01 17:15:24,971 [INFO] PluginManager:220 - loadIPPluginJar : add gpio
2024-10-01 17:15:24,976 [INFO] IPUIPlugin:80 - create IPUIPlugin
2024-10-01 17:15:24,977 [INFO] PluginManager:220 - loadIPPluginJar : add plateformsettings
2024-10-01 17:15:24,981 [INFO] IPUIPlugin:80 - create IPUIPlugin
2024-10-01 17:15:24,981 [INFO] PluginManager:220 - loadIPPluginJar : add extmemmanager
2024-10-01 17:15:24,983 [INFO] IPUIPlugin:80 - create IPUIPlugin
2024-10-01 17:15:24,983 [INFO] PluginManager:220 - loadIPPluginJar : add tracer_emb
2024-10-01 17:15:24,984 [INFO] IPUIPlugin:80 - create IPUIPlugin
2024-10-01 17:15:24,984 [INFO] PluginManager:220 - loadIPPluginJar : add genericplugin
2024-10-01 17:15:24,987 [INFO] IPUIPlugin:80 - create IPUIPlugin
2024-10-01 17:15:24,987 [INFO] PluginManager:220 - loadIPPluginJar : add opamp
2024-10-01 17:15:24,988 [INFO] IPUIPlugin:80 - create IPUIPlugin
2024-10-01 17:15:24,988 [INFO] PluginManager:220 - loadIPPluginJar : add gfxmmu
2024-10-01 17:15:24,989 [INFO] IPUIPlugin:80 - create IPUIPlugin
2024-10-01 17:15:24,990 [INFO] PluginManager:220 - loadIPPluginJar : add dma3
2024-10-01 17:15:24,990 [INFO] IPUIPlugin:80 - create IPUIPlugin
2024-10-01 17:15:24,991 [INFO] PluginManager:220 - loadIPPluginJar : add ucpd
2024-10-01 17:15:24,992 [INFO] IPUIPlugin:80 - create IPUIPlugin
2024-10-01 17:15:24,992 [INFO] PluginManager:220 - loadIPPluginJar : add aes
2024-10-01 17:15:24,996 [INFO] IPUIPlugin:80 - create IPUIPlugin
2024-10-01 17:15:24,996 [INFO] PluginManager:220 - loadIPPluginJar : add adc
2024-10-01 17:15:24,996 [INFO] IPUIPlugin:80 - create IPUIPlugin
2024-10-01 17:15:24,997 [INFO] PluginManager:220 - loadIPPluginJar : add tim
2024-10-01 17:15:25,001 [INFO] IPUIPlugin:80 - create IPUIPlugin
2024-10-01 17:15:25,001 [INFO] PluginManager:220 - loadIPPluginJar : add linkedlist
2024-10-01 17:15:25,003 [INFO] IPUIPlugin:80 - create IPUIPlugin
2024-10-01 17:15:25,003 [INFO] PluginManager:220 - loadIPPluginJar : add can
2024-10-01 17:15:25,004 [INFO] IPUIPlugin:80 - create IPUIPlugin
2024-10-01 17:15:25,004 [INFO] PluginManager:220 - loadIPPluginJar : add usbx
2024-10-01 17:15:25,005 [INFO] IPUIPlugin:80 - create IPUIPlugin
2024-10-01 17:15:25,005 [INFO] PluginManager:220 - loadIPPluginJar : add lorawan
2024-10-01 17:15:25,006 [INFO] IPUIPlugin:80 - create IPUIPlugin
2024-10-01 17:15:25,006 [INFO] PluginManager:220 - loadIPPluginJar : add cryp
2024-10-01 17:15:25,007 [INFO] IPUIPlugin:80 - create IPUIPlugin
2024-10-01 17:15:25,008 [INFO] PluginManager:220 - loadIPPluginJar : add i3c
2024-10-01 17:15:25,008 [INFO] IPUIPlugin:80 - create IPUIPlugin
2024-10-01 17:15:25,009 [INFO] PluginManager:220 - loadIPPluginJar : add spi
2024-10-01 17:15:25,012 [INFO] IPUIPlugin:80 - create IPUIPlugin
2024-10-01 17:15:25,012 [INFO] PluginManager:220 - loadIPPluginJar : add gic
2024-10-01 17:15:25,012 [INFO] IPUIPlugin:80 - create IPUIPlugin
2024-10-01 17:15:25,013 [INFO] PluginManager:220 - loadIPPluginJar : add quadspi
2024-10-01 17:15:25,013 [INFO] IPUIPlugin:80 - create IPUIPlugin
2024-10-01 17:15:25,013 [INFO] PluginManager:220 - loadIPPluginJar : add tsc
2024-10-01 17:15:25,017 [INFO] IPUIPlugin:80 - create IPUIPlugin
2024-10-01 17:15:25,017 [INFO] PluginManager:220 - loadIPPluginJar : add mdma
2024-10-01 17:15:25,018 [INFO] IPUIPlugin:80 - create IPUIPlugin
2024-10-01 17:15:25,018 [INFO] PluginManager:220 - loadIPPluginJar : add usart
2024-10-01 17:15:25,020 [INFO] IPUIPlugin:80 - create IPUIPlugin
2024-10-01 17:15:25,020 [INFO] PluginManager:220 - loadIPPluginJar : add openamp
2024-10-01 17:15:25,022 [INFO] IPUIPlugin:80 - create IPUIPlugin
2024-10-01 17:15:25,022 [INFO] PluginManager:220 - loadIPPluginJar : add ipddr
2024-10-01 17:15:25,022 [INFO] IPUIPlugin:80 - create IPUIPlugin
2024-10-01 17:15:25,023 [INFO] PluginManager:220 - loadIPPluginJar : add ts
2024-10-01 17:15:25,023 [INFO] IPUIPlugin:80 - create IPUIPlugin
2024-10-01 17:15:25,023 [INFO] PluginManager:220 - loadIPPluginJar : add ltdc
2024-10-01 17:15:25,024 [INFO] IPUIPlugin:80 - create IPUIPlugin
2024-10-01 17:15:25,024 [INFO] PluginManager:220 - loadIPPluginJar : add pdm2pcm
2024-10-01 17:15:25,026 [INFO] IPUIPlugin:80 - create IPUIPlugin
2024-10-01 17:15:25,026 [INFO] PluginManager:220 - loadIPPluginJar : add touchsensing
2024-10-01 17:15:25,027 [INFO] IPUIPlugin:80 - create IPUIPlugin
2024-10-01 17:15:25,027 [INFO] PluginManager:220 - loadIPPluginJar : add comp
2024-10-01 17:15:25,029 [INFO] IPUIPlugin:80 - create IPUIPlugin
2024-10-01 17:15:25,029 [INFO] PluginManager:220 - loadIPPluginJar : add resmgrutility
2024-10-01 17:15:25,030 [INFO] IPUIPlugin:80 - create IPUIPlugin
2024-10-01 17:15:25,030 [INFO] PluginManager:220 - loadIPPluginJar : add hash
2024-10-01 17:15:25,032 [INFO] IPUIPlugin:80 - create IPUIPlugin
2024-10-01 17:15:25,032 [INFO] PluginManager:220 - loadIPPluginJar : add nvic
2024-10-01 17:15:25,034 [INFO] IPUIPlugin:80 - create IPUIPlugin
2024-10-01 17:15:25,034 [INFO] PluginManager:220 - loadIPPluginJar : add fmc
2024-10-01 17:15:25,036 [INFO] IPUIPlugin:80 - create IPUIPlugin
2024-10-01 17:15:25,036 [INFO] PluginManager:220 - loadIPPluginJar : add sai
2024-10-01 17:15:25,038 [INFO] IPUIPlugin:80 - create IPUIPlugin
2024-10-01 17:15:25,038 [INFO] PluginManager:220 - loadIPPluginJar : add stm32_wpan
2024-10-01 17:15:25,042 [INFO] IPUIPlugin:80 - create IPUIPlugin
2024-10-01 17:15:25,042 [INFO] PluginManager:220 - loadIPPluginJar : add dma
2024-10-01 17:15:25,042 [INFO] IPUIPlugin:80 - create IPUIPlugin
2024-10-01 17:15:25,042 [INFO] PluginManager:220 - loadIPPluginJar : add fatfs
2024-10-01 17:15:25,046 [INFO] IPUIPlugin:80 - create IPUIPlugin
2024-10-01 17:15:25,046 [INFO] PluginManager:220 - loadIPPluginJar : add freertos
2024-10-01 17:15:25,047 [INFO] IPUIPlugin:80 - create IPUIPlugin
2024-10-01 17:15:25,047 [INFO] PluginManager:220 - loadIPPluginJar : add i2s
2024-10-01 17:15:25,048 [INFO] IPUIPlugin:80 - create IPUIPlugin
2024-10-01 17:15:25,048 [INFO] PluginManager:220 - loadIPPluginJar : add i2c
2024-10-01 17:15:25,049 [INFO] IPUIPlugin:80 - create IPUIPlugin
2024-10-01 17:15:25,049 [INFO] PluginManager:220 - loadIPPluginJar : add gtzc
2024-10-01 17:15:25,050 [INFO] IPUIPlugin:80 - create IPUIPlugin
2024-10-01 17:15:25,050 [INFO] PluginManager:220 - loadIPPluginJar : add dfsdm
2024-10-01 17:15:25,157 [INFO] CADModel:165 - CPN selected for project level
2024-10-01 17:15:25,157 [INFO] CADModel:114 - Register for checkConnection events
2024-10-01 17:15:25,157 [FATAL] Updater:308 - Updater called before beeing initialized
2024-10-01 17:15:25,157 [ERROR] CADModel:125 - Updater not yet initialized, retry later 
2024-10-01 17:15:25,250 [INFO] CADModel:165 - CPN selected for project level
2024-10-01 17:15:25,250 [INFO] CADModel:114 - Register for checkConnection events
2024-10-01 17:15:25,250 [FATAL] Updater:308 - Updater called before beeing initialized
2024-10-01 17:15:25,250 [ERROR] CADModel:125 - Updater not yet initialized, retry later 
2024-10-01 17:15:25,252 [FATAL] Updater:308 - Updater called before beeing initialized
2024-10-01 17:15:25,300 [FATAL] Updater:308 - Updater called before beeing initialized
2024-10-01 17:15:25,303 [INFO] DbMcusAds:53 - JSON generation date=Fri Sep 20 09:04:23 EDT 2024 (1726837463113)
2024-10-01 17:15:25,303 [FATAL] Updater:308 - Updater called before beeing initialized
2024-10-01 17:15:25,327 [WARN] DetailPanel:346 - Failed to get advertising image, set to default
2024-10-01 17:15:25,381 [FATAL] Updater:308 - Updater called before beeing initialized
2024-10-01 17:15:25,382 [FATAL] Updater:308 - Updater called before beeing initialized
2024-10-01 17:15:25,383 [FATAL] Updater:308 - Updater called before beeing initialized
2024-10-01 17:15:25,383 [WARN] DetailPanel:346 - Failed to get advertising image, set to default
2024-10-01 17:15:25,383 [FATAL] Updater:308 - Updater called before beeing initialized
2024-10-01 17:15:25,409 [ERROR] Updater:1120 - MainUpdater not yet initialized. External WinMGr cannot be set.
2024-10-01 17:15:25,410 [INFO] Updater:1056 - Updater Version found : 6.11.1
2024-10-01 17:15:25,425 [INFO] ApplicationProperties:184 - Using Application install path: /opt/st/stm32cubeide_1.15.1/plugins/com.st.stm32cube.common.mx_6.11.1.202404110753
2024-10-01 17:15:25,605 [INFO] MainUpdater:2873 - connection check result : 10
2024-10-01 17:15:25,606 [INFO] MainUpdater:290 - Updater Check For Update Now.
2024-10-01 17:15:25,606 [INFO] MicroXplorer:498 - Change Database Version : DB.6.0.111
2024-10-01 17:15:25,610 [INFO] McuFinderGlobals:63 - Set McuFinder mode to 2 (CubeIDE integrated)
2024-10-01 17:15:25,620 [INFO] UserAuth:415 - Internet connection configuration mode: 1
2024-10-01 17:15:25,658 [INFO] JxBrowserEngine:152 - Initiate JxBrowser Engine with user profile folder
2024-10-01 17:15:25,784 [INFO] CheckServerUpdateThread:120 - End of CheckServer Thread
2024-10-01 17:15:26,511 [INFO] WebApp:161 - Instantiating new browser for Auth
2024-10-01 17:15:26,968 [INFO] WebApp:779 - Register for checkConnection events
2024-10-01 17:15:26,968 [INFO] WebApp:414 - Apply proxy settings
2024-10-01 17:15:26,968 [INFO] WebApp:499 - Chromium requires no authentication
2024-10-01 17:15:26,974 [INFO] WebApp:442 - Direct internet connection detected
2024-10-01 17:15:27,112 [INFO] WebApp:192 - Starting web application
2024-10-01 17:15:27,112 [INFO] WebApp:544 - Web application path used /opt/st/stm32cubeide_1.15.1/plugins/com.st.stm32cube.common.mx_6.11.1.202404110753/db/plugins/mcufinder/reactClient1/index.html
2024-10-01 17:15:27,751 [WARN] PackLoader:240 - Cannot read IP mode file for STMicroelectronics.FP-SNS-MOTENVWB1.1.4.0
2024-10-01 17:15:27,756 [WARN] PackLoader:240 - Cannot read IP mode file for STMicroelectronics.X-CUBE-SMBUS.2.1.0
2024-10-01 17:15:27,759 [WARN] PackLoader:240 - Cannot read IP mode file for STMicroelectronics.X-CUBE-TOUCHGFX.4.23.2
2024-10-01 17:15:27,782 [WARN] PackLoader:240 - Cannot read IP mode file for STMicroelectronics.X-CUBE-AZRTOS-F7.1.1.0
2024-10-01 17:15:27,848 [WARN] PackLoader:240 - Cannot read IP mode file for STMicroelectronics.X-CUBE-MEMS1.11.0.0
2024-10-01 17:15:27,994 [WARN] PackLoader:240 - Cannot read IP mode file for STMicroelectronics.FP-SNS-FLIGHT1.5.0.2
2024-10-01 17:15:28,002 [WARN] PackLoader:240 - Cannot read IP mode file for STMicroelectronics.X-CUBE-DISPLAY.3.0.0
2024-10-01 17:15:28,009 [WARN] PackLoader:240 - Cannot read IP mode file for STMicroelectronics.X-CUBE-BLE1.7.0.0
2024-10-01 17:15:28,015 [WARN] PackLoader:240 - Cannot read IP mode file for STMicroelectronics.X-CUBE-NFC10.1.0.0
2024-10-01 17:15:28,020 [WARN] PackLoader:240 - Cannot read IP mode file for emotas.I-CUBE-CANOPEN.1.3.0
2024-10-01 17:15:28,028 [WARN] PackLoader:240 - Cannot read IP mode file for STMicroelectronics.X-CUBE-BLEMGR.3.1.0
2024-10-01 17:15:28,034 [WARN] PackLoader:240 - Cannot read IP mode file for STMicroelectronics.FP-SNS-SMARTAG2.1.2.0
2024-10-01 17:15:28,042 [INFO] LogOutputStream:77 - [STDOUT_REDIRECT] 1 : Invalid condition id : UX_CORESTACK_Condition cause : null
2024-10-01 17:15:28,042 [INFO] LogOutputStream:77 - [STDOUT_REDIRECT] 1 : Invalid condition id : UX_CORESTACK_Condition cause : null
2024-10-01 17:15:28,043 [INFO] LogOutputStream:77 - [STDOUT_REDIRECT] 1 : Invalid condition id : UX_CORESTACK_Condition cause : null
2024-10-01 17:15:28,043 [INFO] LogOutputStream:77 - [STDOUT_REDIRECT] 1 : Invalid condition id : UX_CORESTACK_Condition cause : null
2024-10-01 17:15:28,043 [INFO] LogOutputStream:77 - [STDOUT_REDIRECT] 1 : Invalid condition id : UX_CORESTACK_Condition cause : null
2024-10-01 17:15:28,049 [WARN] PackLoader:240 - Cannot read IP mode file for STMicroelectronics.X-CUBE-AZRTOS-WL.2.0.0
2024-10-01 17:15:28,054 [WARN] PackLoader:240 - Cannot read IP mode file for STMicroelectronics.FP-SNS-MOTENV1.5.0.0
2024-10-01 17:15:28,057 [WARN] PackLoader:240 - Cannot read IP mode file for wolfSSL.I-CUBE-wolfMQTT.1.19.0
2024-10-01 17:15:28,061 [WARN] PackLoader:240 - Cannot read IP mode file for WES.I-CUBE-Cesium.1.3.0
2024-10-01 17:15:28,064 [WARN] PackLoader:240 - Cannot read IP mode file for STMicroelectronics.X-CUBE-BLE2.3.3.0
2024-10-01 17:15:28,069 [WARN] PackLoader:240 - Cannot read IP mode file for STMicroelectronics.X-CUBE-NFC9.1.0.0
2024-10-01 17:15:28,074 [WARN] PackLoader:240 - Cannot read IP mode file for STMicroelectronics.X-CUBE-TCPP.4.1.0
2024-10-01 17:15:28,090 [WARN] PackLoader:240 - Cannot read IP mode file for STMicroelectronics.X-CUBE-AZRTOS-G0.1.1.0
2024-10-01 17:15:28,102 [WARN] PackLoader:240 - Cannot read IP mode file for STMicroelectronics.X-CUBE-SAFEA1.1.2.2
2024-10-01 17:15:28,108 [WARN] PackLoader:240 - Cannot read IP mode file for STMicroelectronics.X-CUBE-NFC4.3.0.0
2024-10-01 17:15:28,113 [WARN] PackLoader:240 - Cannot read IP mode file for wolfSSL.I-CUBE-wolfMQTT.1.18.0
2024-10-01 17:15:28,122 [WARN] PackLoader:240 - Cannot read IP mode file for EmbeddedOffice.I-CUBE-FS-RTOS.1.0.1
2024-10-01 17:15:28,122 [ERROR] ConditionMgr:805 - Attr not supported : Dmpu
2024-10-01 17:15:28,122 [ERROR] ConditionMgr:805 - Attr not supported : Dmpu
2024-10-01 17:15:28,123 [ERROR] ConditionMgr:805 - Attr not supported : Dmpu
2024-10-01 17:15:28,123 [ERROR] ConditionMgr:805 - Attr not supported : Dmpu
2024-10-01 17:15:28,123 [ERROR] ConditionMgr:805 - Attr not supported : Dmpu
2024-10-01 17:15:28,123 [ERROR] ConditionMgr:805 - Attr not supported : Dmpu
2024-10-01 17:15:28,123 [ERROR] ConditionMgr:805 - Attr not supported : Dmpu
2024-10-01 17:15:28,123 [ERROR] ConditionMgr:805 - Attr not supported : Dmpu
2024-10-01 17:15:28,123 [ERROR] ConditionMgr:805 - Attr not supported : Dmpu
2024-10-01 17:15:28,123 [ERROR] ConditionMgr:805 - Attr not supported : Dmpu
2024-10-01 17:15:28,123 [ERROR] ConditionMgr:805 - Attr not supported : Dmpu
2024-10-01 17:15:28,123 [ERROR] ConditionMgr:805 - Attr not supported : Dmpu
2024-10-01 17:15:28,123 [ERROR] ConditionMgr:805 - Attr not supported : Dmpu
2024-10-01 17:15:28,123 [ERROR] ConditionMgr:805 - Attr not supported : Dmpu
2024-10-01 17:15:28,123 [ERROR] ConditionMgr:805 - Attr not supported : Dmpu
2024-10-01 17:15:28,123 [ERROR] ConditionMgr:805 - Attr not supported : Dmpu
2024-10-01 17:15:28,123 [ERROR] ConditionMgr:805 - Attr not supported : Dmpu
2024-10-01 17:15:28,123 [ERROR] ConditionMgr:805 - Attr not supported : Dmpu
2024-10-01 17:15:28,123 [ERROR] ConditionMgr:805 - Attr not supported : Dmpu
2024-10-01 17:15:28,123 [ERROR] ConditionMgr:805 - Attr not supported : Dmpu
2024-10-01 17:15:28,123 [ERROR] ConditionMgr:805 - Attr not supported : Dmpu
2024-10-01 17:15:28,123 [ERROR] ConditionMgr:805 - Attr not supported : Dmpu
2024-10-01 17:15:28,123 [ERROR] ConditionMgr:805 - Attr not supported : Dmpu
2024-10-01 17:15:28,124 [ERROR] ConditionMgr:805 - Attr not supported : Dmpu
2024-10-01 17:15:28,124 [ERROR] ConditionMgr:805 - Attr not supported : Dmpu
2024-10-01 17:15:28,124 [ERROR] ConditionMgr:805 - Attr not supported : Dmpu
2024-10-01 17:15:28,124 [ERROR] ConditionMgr:805 - Attr not supported : Dmpu
2024-10-01 17:15:28,124 [ERROR] ConditionMgr:805 - Attr not supported : Dmpu
2024-10-01 17:15:28,124 [ERROR] ConditionMgr:805 - Attr not supported : Dmpu
2024-10-01 17:15:28,124 [ERROR] ConditionMgr:805 - Attr not supported : Dmpu
2024-10-01 17:15:28,124 [ERROR] ConditionMgr:805 - Attr not supported : Dmpu
2024-10-01 17:15:28,124 [ERROR] ConditionMgr:805 - Attr not supported : Dmpu
2024-10-01 17:15:28,124 [ERROR] ConditionMgr:805 - Attr not supported : Dmpu
2024-10-01 17:15:28,124 [ERROR] ConditionMgr:805 - Attr not supported : Dmpu
2024-10-01 17:15:28,124 [ERROR] ConditionMgr:805 - Attr not supported : Dmpu
2024-10-01 17:15:28,124 [ERROR] ConditionMgr:805 - Attr not supported : Dmpu
2024-10-01 17:15:28,124 [ERROR] ConditionMgr:805 - Attr not supported : Dmpu
2024-10-01 17:15:28,124 [ERROR] ConditionMgr:805 - Attr not supported : Dmpu
2024-10-01 17:15:28,124 [ERROR] ConditionMgr:805 - Attr not supported : Dmpu
2024-10-01 17:15:28,124 [ERROR] ConditionMgr:805 - Attr not supported : Dmpu
2024-10-01 17:15:28,124 [ERROR] ConditionMgr:805 - Attr not supported : Dmpu
2024-10-01 17:15:28,124 [ERROR] ConditionMgr:805 - Attr not supported : Dmpu
2024-10-01 17:15:28,124 [ERROR] ConditionMgr:805 - Attr not supported : Dmpu
2024-10-01 17:15:28,124 [ERROR] ConditionMgr:805 - Attr not supported : Dmpu
2024-10-01 17:15:28,124 [ERROR] ConditionMgr:805 - Attr not supported : Dmpu
2024-10-01 17:15:28,124 [ERROR] ConditionMgr:805 - Attr not supported : Dmpu
2024-10-01 17:15:28,124 [ERROR] ConditionMgr:805 - Attr not supported : Dmpu
2024-10-01 17:15:28,124 [ERROR] ConditionMgr:805 - Attr not supported : Dmpu
2024-10-01 17:15:28,125 [ERROR] ConditionMgr:805 - Attr not supported : Dmpu
2024-10-01 17:15:28,125 [ERROR] ConditionMgr:805 - Attr not supported : Dmpu
2024-10-01 17:15:28,125 [ERROR] ConditionMgr:805 - Attr not supported : Dmpu
2024-10-01 17:15:28,125 [ERROR] ConditionMgr:805 - Attr not supported : Dmpu
2024-10-01 17:15:28,125 [ERROR] ConditionMgr:805 - Attr not supported : Dmpu
2024-10-01 17:15:28,125 [ERROR] ConditionMgr:805 - Attr not supported : Dmpu
2024-10-01 17:15:28,125 [ERROR] ConditionMgr:805 - Attr not supported : Dmpu
2024-10-01 17:15:28,125 [ERROR] ConditionMgr:805 - Attr not supported : Dmpu
2024-10-01 17:15:28,125 [ERROR] ConditionMgr:805 - Attr not supported : Dmpu
2024-10-01 17:15:28,125 [ERROR] ConditionMgr:805 - Attr not supported : Dmpu
2024-10-01 17:15:28,125 [ERROR] ConditionMgr:805 - Attr not supported : Dmpu
2024-10-01 17:15:28,125 [ERROR] ConditionMgr:805 - Attr not supported : Dmpu
2024-10-01 17:15:28,125 [ERROR] ConditionMgr:805 - Attr not supported : Dmpu
2024-10-01 17:15:28,125 [ERROR] ConditionMgr:805 - Attr not supported : Dmpu
2024-10-01 17:15:28,125 [ERROR] ConditionMgr:805 - Attr not supported : Dmpu
2024-10-01 17:15:28,125 [ERROR] ConditionMgr:805 - Attr not supported : Dmpu
2024-10-01 17:15:28,128 [WARN] PackLoader:240 - Cannot read IP mode file for RealThread.X-CUBE-RT-Thread_Nano.4.1.1
2024-10-01 17:15:28,130 [WARN] PackLoader:240 - Cannot read IP mode file for wolfSSL.I-CUBE-wolfSSL.5.7.0
2024-10-01 17:15:28,133 [WARN] PackLoader:240 - Cannot read IP mode file for STMicroelectronics.FP-ATR-SIGFOX1.3.2.0
2024-10-01 17:15:28,137 [WARN] PackLoader:240 - Cannot read IP mode file for STMicroelectronics.X-CUBE-EEPRMA1.5.1.0
2024-10-01 17:15:28,142 [WARN] PackLoader:240 - Cannot read IP mode file for ITTIA_DB.I-CUBE-ITTIADB.8.9.0
2024-10-01 17:15:28,161 [WARN] PackLoader:240 - Cannot read IP mode file for SEGGER.I-CUBE-embOS.1.3.1
2024-10-01 17:15:28,188 [WARN] PackLoader:240 - Cannot read IP mode file for STMicroelectronics.X-CUBE-ALGOBUILD.1.4.0
2024-10-01 17:15:28,193 [WARN] PackLoader:240 - Cannot read IP mode file for STMicroelectronics.X-CUBE-GNSS1.6.0.0
2024-10-01 17:15:28,207 [WARN] PackLoader:240 - Cannot read IP mode file for STMicroelectronics.X-CUBE-AZRTOS-F4.1.1.0
2024-10-01 17:15:28,213 [WARN] PackLoader:240 - Cannot read IP mode file for STMicroelectronics.X-CUBE-ISPU.2.1.0
2024-10-01 17:15:28,218 [WARN] PackLoader:240 - Cannot read IP mode file for STMicroelectronics.X-CUBE-FREERTOS.1.2.0
2024-10-01 17:15:28,232 [WARN] PackLoader:240 - Cannot read IP mode file for STMicroelectronics.X-CUBE-AZRTOS-L5.2.0.0
2024-10-01 17:15:28,240 [WARN] PackLoader:240 - Cannot read IP mode file for STMicroelectronics.X-CUBE-NFC6.3.1.0
2024-10-01 17:15:28,246 [WARN] PackLoader:240 - Cannot read IP mode file for STMicroelectronics.X-CUBE-DPower.1.2.0
2024-10-01 17:15:28,250 [WARN] PackLoader:240 - Cannot read IP mode file for STMicroelectronics.X-CUBE-AI.9.0.0
2024-10-01 17:15:28,255 [WARN] PackLoader:240 - Cannot read IP mode file for STMicroelectronics.X-CUBE-NFC7.1.0.1
2024-10-01 17:15:28,259 [WARN] PackLoader:240 - Cannot read IP mode file for wolfSSL.I-CUBE-wolfTPM.3.2.0
2024-10-01 17:15:28,275 [WARN] ConditionMgr:438 - getConditionDescription Invalid condition id : LAN8742 Phy interface Condition cause : null
2024-10-01 17:15:28,275 [WARN] PackLoader:240 - Cannot read IP mode file for STMicroelectronics.X-CUBE-AZRTOS-L4.2.0.0
2024-10-01 17:15:28,277 [WARN] ConditionMgr:1039 - genDependencies : Invalid condition id : LAN8742 Phy interface Condition cause : null
2024-10-01 17:15:28,277 [WARN] ConditionMgr:1039 - genDependencies : Invalid condition id : LAN8742 Phy interface Condition cause : null
2024-10-01 17:15:28,278 [WARN] ConditionMgr:1039 - genDependencies : Invalid condition id : LAN8742 Phy interface Condition cause : null
2024-10-01 17:15:28,285 [WARN] PackLoader:240 - Cannot read IP mode file for STMicroelectronics.X-CUBE-SFXS2LP1.4.0.0
2024-10-01 17:15:28,302 [WARN] PackLoader:240 - Cannot read IP mode file for STMicroelectronics.X-CUBE-AZRTOS-H7.3.3.0
2024-10-01 17:15:28,316 [WARN] ConditionMgr:438 - getConditionDescription Invalid condition id : UX DEVICE CLASS RTOS Condition cause : null
2024-10-01 17:15:28,317 [WARN] ConditionMgr:438 - getConditionDescription Invalid condition id : UX DEVICE CLASS RTOS Condition cause : null
2024-10-01 17:15:28,318 [WARN] PackLoader:240 - Cannot read IP mode file for STMicroelectronics.X-CUBE-AZRTOS-WB.2.0.0
2024-10-01 17:15:28,319 [WARN] ConditionMgr:1039 - genDependencies : Invalid condition id : UX DEVICE CLASS RTOS Condition cause : null
2024-10-01 17:15:28,319 [WARN] ConditionMgr:1039 - genDependencies : Invalid condition id : UX DEVICE CLASS RTOS Condition cause : null
2024-10-01 17:15:28,320 [WARN] ConditionMgr:1039 - genDependencies : Invalid condition id : UX DEVICE CLASS RTOS Condition cause : null
2024-10-01 17:15:28,320 [WARN] ConditionMgr:1039 - genDependencies : Invalid condition id : UX DEVICE CLASS RTOS Condition cause : null
2024-10-01 17:15:28,320 [WARN] ConditionMgr:1039 - genDependencies : Invalid condition id : UX DEVICE CLASS RTOS Condition cause : null
2024-10-01 17:15:28,325 [WARN] PackLoader:240 - Cannot read IP mode file for STMicroelectronics.X-CUBE-GNSS1.7.0.0
2024-10-01 17:15:28,331 [WARN] PackLoader:240 - Cannot read IP mode file for STMicroelectronics.FP-SNS-STBOX1.2.0.0
2024-10-01 17:15:28,338 [WARN] PackLoader:240 - Cannot read IP mode file for STMicroelectronics.X-CUBE-SUBG2.5.0.0
2024-10-01 17:15:28,344 [WARN] PackLoader:240 - Cannot read IP mode file for Cesanta.I-CUBE-Mongoose.7.13.0
2024-10-01 17:15:28,352 [WARN] PackLoader:240 - Cannot read IP mode file for STMicroelectronics.X-CUBE-AZRTOS-G4.2.0.0
2024-10-01 17:15:28,356 [WARN] PackLoader:240 - Cannot read IP mode file for STMicroelectronics.X-CUBE-ISPU.2.0.0
2024-10-01 17:15:28,358 [WARN] PackLoader:240 - Cannot read IP mode file for STMicroelectronics.X-CUBE-ALS.1.0.2
2024-10-01 17:15:28,376 [WARN] PackLoader:240 - Cannot read IP mode file for STMicroelectronics.X-CUBE-MEMS1.10.0.0
2024-10-01 17:15:28,533 [WARN] PackLoader:240 - Cannot read IP mode file for STMicroelectronics.X-CUBE-TOUCHGFX.4.24.0
2024-10-01 17:15:28,536 [WARN] PackLoader:240 - Cannot read IP mode file for STMicroelectronics.X-CUBE-TOUCHGFX.4.24.1
2024-10-01 17:15:28,539 [WARN] PackLoader:240 - Cannot read IP mode file for portGmbH.I-Cube-SoM-uGOAL.1.1.0
2024-10-01 17:15:28,541 [WARN] PackLoader:240 - Cannot read IP mode file for STMicroelectronics.X-CUBE-ALS.1.0.1
2024-10-01 17:15:28,555 [WARN] PackLoader:240 - Cannot read IP mode file for STMicroelectronics.X-CUBE-AZRTOS-H7RS.1.0.0
2024-10-01 17:15:28,559 [WARN] PackLoader:240 - Cannot read IP mode file for STMicroelectronics.FP-ATR-ASTRA1.2.0.0
2024-10-01 17:15:28,567 [WARN] PackLoader:240 - Cannot read IP mode file for STMicroelectronics.X-CUBE-TOF1.3.4.2
2024-10-01 17:15:28,582 [WARN] PackLoader:240 - Cannot read IP mode file for STMicroelectronics.X-CUBE-TOF1.3.4.1
2024-10-01 17:15:28,606 [WARN] PackLoader:240 - Cannot read IP mode file for STMicroelectronics.X-CUBE-AZRTOS-H7.3.2.0
2024-10-01 17:15:28,620 [WARN] PackLoader:240 - Cannot read IP mode file for Infineon.AIROC-Wi-Fi-Bluetooth-STM32.1.6.0
2024-10-01 17:15:28,626 [WARN] PackLoader:240 - Cannot read IP mode file for wolfSSL.I-CUBE-wolfSSH.1.4.17
2024-10-01 17:15:28,626 [INFO] ThirdParty:978 - Integrity check success = true
2024-10-01 17:15:28,627 [INFO] IntegrityCheckThread:100 - exiting critical section [integrity check]
2024-10-01 17:15:28,627 [INFO] IntegrityCheckThread:103 - End integrity checks thread
2024-10-01 19:20:21,203 [ERROR] LogOutputStream:75 - [STDERR_REDIRECT] 
