2024-10-01 00:13:50,613 [INFO] UtilMem:75 - End SaveConfig() Used Memory: 615620408 Bytes (1073741824)
2024-10-01 00:13:51,776 [INFO] UtilMem:75 - End SaveConfig() Used Memory: 682729272 Bytes (1073741824)
2024-10-01 00:13:53,927 [INFO] UtilMem:75 - End SaveConfig() Used Memory: 890087240 Bytes (1073741824)
2024-10-01 00:13:53,984 [INFO] BlockDiagram:2759 - set Specific Code input for plugin: NVIC
2024-10-01 00:13:53,984 [INFO] BlockDiagram:2759 - set Specific Code input for plugin: GPIO
2024-10-01 00:13:53,984 [INFO] BlockDiagram:2759 - set Specific Code input for plugin: RCC
2024-10-01 00:13:53,984 [INFO] CodeGenerator:807 - code generatio: config db path: /opt/st/stm32cubeide_1.15.1/plugins/com.st.stm32cube.common.mx_6.11.1.202404110753//db/
2024-10-01 00:13:54,019 [INFO] CodeEngine:255 - oldGeneratedFile, /home/mfact/Projects/cpld-display/firmware/stm-pulse-ide/MXTmpFiles/license.tmp_save
2024-10-01 00:13:54,092 [INFO] CodeEngine:279 - Generated code: /home/mfact/Projects/cpld-display/firmware/stm-pulse-ide/MXTmpFiles/license.tmp
2024-10-01 00:13:54,097 [INFO] CodeEngine:255 - oldGeneratedFile, /home/mfact/Projects/cpld-display/firmware/stm-pulse-ide/MXTmpFiles/gpio.tmp_save
2024-10-01 00:13:54,139 [INFO] CodeEngine:279 - Generated code: /home/mfact/Projects/cpld-display/firmware/stm-pulse-ide/MXTmpFiles/gpio.tmp
2024-10-01 00:13:54,141 [INFO] CodeEngine:255 - oldGeneratedFile, /home/mfact/Projects/cpld-display/firmware/stm-pulse-ide/Core/Src/stm32f4xx_it.c_save
2024-10-01 00:13:54,234 [INFO] CodeEngine:279 - Generated code: /home/mfact/Projects/cpld-display/firmware/stm-pulse-ide/Core/Src/stm32f4xx_it.c
2024-10-01 00:13:54,235 [INFO] CodeEngine:255 - oldGeneratedFile, /home/mfact/Projects/cpld-display/firmware/stm-pulse-ide/Core/Inc/stm32f4xx_it.h_save
2024-10-01 00:13:54,270 [INFO] CodeEngine:279 - Generated code: /home/mfact/Projects/cpld-display/firmware/stm-pulse-ide/Core/Inc/stm32f4xx_it.h
2024-10-01 00:13:54,276 [INFO] CodeEngine:255 - oldGeneratedFile, /home/mfact/Projects/cpld-display/firmware/stm-pulse-ide/Core/Src/stm32f4xx_hal_msp.c_save
2024-10-01 00:13:54,330 [INFO] CodeEngine:279 - Generated code: /home/mfact/Projects/cpld-display/firmware/stm-pulse-ide/Core/Src/stm32f4xx_hal_msp.c
2024-10-01 00:13:54,331 [INFO] CodeEngine:255 - oldGeneratedFile, /home/mfact/Projects/cpld-display/firmware/stm-pulse-ide/MXTmpFiles/system.tmp_save
2024-10-01 00:13:54,366 [INFO] CodeEngine:279 - Generated code: /home/mfact/Projects/cpld-display/firmware/stm-pulse-ide/MXTmpFiles/system.tmp
2024-10-01 00:13:54,368 [INFO] CodeEngine:311 - oldGeneratedFile, /home/mfact/Projects/cpld-display/firmware/stm-pulse-ide/Core/Inc/stm32f4xx_hal_conf.h_save
2024-10-01 00:13:54,406 [INFO] CodeEngine:335 - Generated code: /home/mfact/Projects/cpld-display/firmware/stm-pulse-ide/Core/Inc/stm32f4xx_hal_conf.h
2024-10-01 00:13:54,414 [INFO] CodeEngine:255 - oldGeneratedFile, /home/mfact/Projects/cpld-display/firmware/stm-pulse-ide/Core/Inc/main.h_save
2024-10-01 00:13:54,459 [INFO] CodeEngine:279 - Generated code: /home/mfact/Projects/cpld-display/firmware/stm-pulse-ide/Core/Inc/main.h
2024-10-01 00:13:54,460 [INFO] CodeEngine:255 - oldGeneratedFile, /home/mfact/Projects/cpld-display/firmware/stm-pulse-ide/Core/Src/main.c_save
2024-10-01 00:13:54,512 [INFO] CodeEngine:279 - Generated code: /home/mfact/Projects/cpld-display/firmware/stm-pulse-ide/Core/Src/main.c
2024-10-01 00:13:54,590 [INFO] ProjectBuilder:3163 - Time for Copy HAL[1] : 9mS.
2024-10-01 00:13:54,590 [INFO] ProjectBuilder:4736 - Project Generator version: 4.3.0-B58
2024-10-01 00:13:54,628 [INFO] ConfigFileManager:1503 - The Die is : DIE433
2024-10-01 00:13:54,899 [INFO] ProjectBuilder:5002 - Time for Generating toolchain IDE Files: 309mS.
2024-10-01 00:13:54,899 [INFO] ProjectBuilder:3034 - Time for Copy CMSIS : 0mS.
2024-10-01 00:13:54,900 [INFO] ProjectBuilder:3034 - Time for Copy CMSIS : 0mS.
